<?xml version="1.0" encoding="UTF-8"?>
<!-- Generated by org.testng.reporters.JUnitReportReporter -->
<testsuite hostname="LAPTOP-O39FFT71" failures="0" tests="1" name="selenium_Testng.Demo1" time="0.009" errors="0" timestamp="2024-03-06T09:56:42 IST" skipped="0">
  <testcase classname="selenium_Testng.Demo1" name="method1" time="0.009"/>
</testsuite> <!-- selenium_Testng.Demo1 -->
